-------------------------------------------------------------
 Processing WorkSheet : Allowance
-------------------------------------------------------------

27-09-2019 11:41:59 AM

Successfully Processed Row :3

Successfully Processed Row :4

Successfully Processed Row :5

Successfully Processed Row :6

Successfully Processed Row :7

Successfully Processed Row :8

Successfully Processed Row :9

Successfully Processed Row :10

Successfully Processed Row :11

Successfully Processed Row :12

Successfully Processed Row :13

Successfully Processed Row :14

Successfully Processed Row :15

Successfully Processed Row :16

Successfully Processed Row :17

Successfully Processed Row :18

Successfully Processed Row :19

Successfully Processed Row :20

Successfully Processed Row :21

Successfully Processed Row :22

Successfully Processed Row :23

Successfully Processed Row :24

Successfully Processed Row :25

Successfully Processed Row :26

Successfully Processed Row :27

Successfully Processed Row :28

Successfully Processed Row :29

Successfully Processed Row :30

Successfully Processed Row :31

Successfully Processed Row :32

Successfully Processed Row :33

Successfully Processed Row :34

Successfully Processed Row :35

Successfully Processed Row :36

Successfully Processed Row :37

Successfully Processed Row :38

Successfully Processed Row :39

Successfully Processed Row :40

Successfully Processed Row :41

Successfully Processed Row :42

Successfully Processed Row :43

Successfully Processed Row :44

Successfully Processed Row :45

Successfully Processed Row :46

Successfully Processed Row :47

Successfully Processed Row :48

Successfully Processed Row :49

Successfully Processed Row :50

Successfully Processed Row :51

Successfully Processed Row :52

Successfully Processed Row :53

Successfully Processed Row :54

Successfully Processed Row :55

Successfully Processed Row :56

Successfully Processed Row :57

Successfully Processed Row :58

Successfully Processed Row :59

Successfully Processed Row :60

Successfully Processed Row :61

Successfully Processed Row :62

Successfully Processed Row :63

Successfully Processed Row :64

Successfully Processed Row :65

Successfully Processed Row :66

Successfully Processed Row :67

Successfully Processed Row :68

Successfully Processed Row :69

Successfully Processed Row :70

Successfully Processed Row :71

Successfully Processed Row :72

Successfully Processed Row :73

Successfully Processed Row :74

Successfully Processed Row :75

Successfully Processed Row :76

Successfully Processed Row :77

Successfully Processed Row :78

Successfully Processed Row :79

Successfully Processed Row :80

Successfully Processed Row :81

Successfully Processed Row :82

Successfully Processed Row :83

Successfully Processed Row :84

Successfully Processed Row :85

Successfully Processed Row :86

Successfully Processed Row :87

Successfully Processed Row :88

Successfully Processed Row :89

Successfully Processed Row :90

Successfully Processed Row :91

Successfully Processed Row :92

Successfully Processed Row :93

Successfully Processed Row :94

Successfully Processed Row :95

Successfully Processed Row :96

Successfully Processed Row :97

Successfully Processed Row :98

Successfully Processed Row :99

Successfully Processed Row :100

Successfully Processed Row :101

Successfully Processed Row :102

Successfully Processed Row :103

Successfully Processed Row :104

Successfully Processed Row :105

Successfully Processed Row :106

Successfully Processed Row :107

Successfully Processed Row :108

Successfully Processed Row :109

Successfully Processed Row :110

Successfully Processed Row :111

Successfully Processed Row :112

Successfully Processed Row :113

Successfully Processed Row :114

Successfully Processed Row :115

Successfully Processed Row :116

Successfully Processed Row :117

Successfully Processed Row :118

Successfully Processed Row :119

Successfully Processed Row :120

Successfully Processed Row :121

Successfully Processed Row :122

Successfully Processed Row :123

Successfully Processed Row :124

Successfully Processed Row :125

Successfully Processed Row :126

Successfully Processed Row :127

Successfully Processed Row :128

Successfully Processed Row :129

Successfully Processed Row :130

Successfully Processed Row :131

Successfully Processed Row :132

Successfully Processed Row :133

Successfully Processed Row :134

Successfully Processed Row :135

Successfully Processed Row :136

Successfully Processed Row :137

Successfully Processed Row :138

Successfully Processed Row :139

Successfully Processed Row :140

Successfully Processed Row :141

Successfully Processed Row :142

Successfully Processed Row :143

Successfully Processed Row :144

Successfully Processed Row :145

Successfully Processed Row :146

Successfully Processed Row :147

Successfully Processed Row :148

Successfully Processed Row :149

Successfully Processed Row :150

Successfully Processed Row :151

Successfully Processed Row :152

Successfully Processed Row :153

Successfully Processed Row :154

Successfully Processed Row :155

Successfully Processed Row :156

Successfully Processed Row :157

Successfully Processed Row :158

Successfully Processed Row :159

Successfully Processed Row :160

Successfully Processed Row :161

Successfully Processed Row :162

Successfully Processed Row :163

Successfully Processed Row :164

Successfully Processed Row :165

Successfully Processed Row :166

Successfully Processed Row :167

Successfully Processed Row :168

Successfully Processed Row :169

Successfully Processed Row :170

Successfully Processed Row :171

Successfully Processed Row :172

Successfully Processed Row :173

Successfully Processed Row :174

Successfully Processed Row :175

Successfully Processed Row :176

Successfully Processed Row :177

Successfully Processed Row :178

Successfully Processed Row :179

Successfully Processed Row :180

Successfully Processed Row :181

Successfully Processed Row :182

Successfully Processed Row :183

Successfully Processed Row :184

Successfully Processed Row :185

Successfully Processed Row :186

Successfully Processed Row :187

Successfully Processed Row :188

Successfully Processed Row :189

Successfully Processed Row :190

Successfully Processed Row :191

Successfully Processed Row :192

Successfully Processed Row :193

Successfully Processed Row :194

Successfully Processed Row :195

Successfully Processed Row :196

Successfully Processed Row :197

Successfully Processed Row :198

Successfully Processed Row :199

Successfully Processed Row :200

Successfully Processed Row :201

Successfully Processed Row :202

Successfully Processed Row :203

Successfully Processed Row :204

Successfully Processed Row :205

Successfully Processed Row :206

Successfully Processed Row :207

Successfully Processed Row :208

Successfully Processed Row :209

Successfully Processed Row :210

Successfully Processed Row :211

Successfully Processed Row :212

Successfully Processed Row :213

Successfully Processed Row :214

Successfully Processed Row :215

Successfully Processed Row :216

Successfully Processed Row :217

Successfully Processed Row :218

Successfully Processed Row :219

Successfully Processed Row :220

Successfully Processed Row :221

Successfully Processed Row :222

Successfully Processed Row :223

Successfully Processed Row :224

Successfully Processed Row :225

Successfully Processed Row :226

Successfully Processed Row :227

Successfully Processed Row :228

Successfully Processed Row :229

Successfully Processed Row :230

Successfully Processed Row :231

Successfully Processed Row :232

Successfully Processed Row :233

Successfully Processed Row :234

Successfully Processed Row :235

Successfully Processed Row :236

Successfully Processed Row :237

Successfully Processed Row :238

Successfully Processed Row :239

Successfully Processed Row :240

Successfully Processed Row :241

Successfully Processed Row :242

Successfully Processed Row :243

Successfully Processed Row :244

Successfully Processed Row :245

Successfully Processed Row :246

Successfully Processed Row :247

Successfully Processed Row :248

Successfully Processed Row :249

Successfully Processed Row :250

Successfully Processed Row :251

Successfully Processed Row :252

Successfully Processed Row :253

Successfully Processed Row :254

Successfully Processed Row :255

Successfully Processed Row :256

Successfully Processed Row :257

Successfully Processed Row :258

Successfully Processed Row :259

Successfully Processed Row :260

Successfully Processed Row :261

Successfully Processed Row :262

Successfully Processed Row :263

Successfully Processed Row :264

Successfully Processed Row :265

Successfully Processed Row :266

Successfully Processed Row :267

Successfully Processed Row :268

Successfully Processed Row :269

Successfully Processed Row :270

Successfully Processed Row :271

Successfully Processed Row :272

Successfully Processed Row :273

Successfully Processed Row :274

Successfully Processed Row :275

Successfully Processed Row :276

Successfully Processed Row :277

Successfully Processed Row :278

Successfully Processed Row :279

Successfully Processed Row :280

Successfully Processed Row :281

Successfully Processed Row :282

Successfully Processed Row :283

Successfully Processed Row :284

Successfully Processed Row :285

Successfully Processed Row :286

Successfully Processed Row :287

Successfully Processed Row :288

Successfully Processed Row :289

Successfully Processed Row :290

Successfully Processed Row :291

Blank Values for Row (292).Process halted

Total Error Count       : 0
Total Warning Count     : 1
-------------------------------------------------------------
27-09-2019 11:42:17 AM

